<?xml version="1.0" encoding="UTF-8"?>
<!-- Generated by org.testng.reporters.JUnitReportReporter -->
<testsuite hostname="DESKTOP-SUV2PGA" failures="0" tests="1" name="com.Login.Login" time="12.682" errors="0" timestamp="2024-03-12T12:26:05 IST" skipped="0">
  <testcase classname="com.Login.Login" name="logincheck" time="12.682"/>
  <system-out/>
</testsuite> <!-- com.Login.Login -->
